2023-06-05 20:30:34.523 +08:00 [FTL] Unable to start Kestrel.
System.IO.IOException: Failed to bind to address http://127.0.0.1:5001: address already in use.
 ---> Microsoft.AspNetCore.Connections.AddressInUseException: 通常每个套接字地址(协议/网络地址/端口)只允许使用一次。
 ---> System.Net.Sockets.SocketException (10048): 通常每个套接字地址(协议/网络地址/端口)只允许使用一次。
   at System.Net.Sockets.Socket.UpdateStatusAfterSocketErrorAndThrowException(SocketError error, String callerName)
   at System.Net.Sockets.Socket.DoBind(EndPoint endPointSnapshot, SocketAddress socketAddress)
   at System.Net.Sockets.Socket.Bind(EndPoint localEP)
   at Microsoft.AspNetCore.Server.Kestrel.Transport.Sockets.SocketConnectionListener.Bind()
   --- End of inner exception stack trace ---
   at Microsoft.AspNetCore.Server.Kestrel.Transport.Sockets.SocketConnectionListener.Bind()
   at Microsoft.AspNetCore.Server.Kestrel.Transport.Sockets.SocketTransportFactory.BindAsync(EndPoint endpoint, CancellationToken cancellationToken)
   at Microsoft.AspNetCore.Server.Kestrel.Core.KestrelServer.<>c__DisplayClass21_0`1.<<StartAsync>g__OnBind|0>d.MoveNext()
--- End of stack trace from previous location where exception was thrown ---
   at Microsoft.AspNetCore.Server.Kestrel.Core.Internal.AddressBinder.BindEndpointAsync(ListenOptions endpoint, AddressBindContext context)
   --- End of inner exception stack trace ---
   at Microsoft.AspNetCore.Server.Kestrel.Core.Internal.AddressBinder.BindEndpointAsync(ListenOptions endpoint, AddressBindContext context)
   at Microsoft.AspNetCore.Server.Kestrel.Core.LocalhostListenOptions.BindAsync(AddressBindContext context)
   at Microsoft.AspNetCore.Server.Kestrel.Core.Internal.AddressBinder.AddressesStrategy.BindAsync(AddressBindContext context)
   at Microsoft.AspNetCore.Server.Kestrel.Core.Internal.AddressBinder.BindAsync(IServerAddressesFeature addresses, KestrelServerOptions serverOptions, ILogger logger, Func`2 createBinding)
   at Microsoft.AspNetCore.Server.Kestrel.Core.KestrelServer.StartAsync[TContext](IHttpApplication`1 application, CancellationToken cancellationToken)
2023-06-05 21:03:06.392 +08:00 [INF] Now listening on: http://localhost:5001
2023-06-05 21:03:06.428 +08:00 [INF] Now listening on: http://192.168.31.151:5001
2023-06-05 21:03:06.430 +08:00 [INF] Application started. Press Ctrl+C to shut down.
2023-06-05 21:03:06.431 +08:00 [INF] Hosting environment: Development
2023-06-05 21:03:06.433 +08:00 [INF] Content root path: C:\Users\Admin\Desktop\WebApi.Demo\WebApi.Demo
2023-06-05 21:03:11.427 +08:00 [INF] Request starting HTTP/1.1 GET http://192.168.31.151:5001/api/Healthcheck  
2023-06-05 21:03:11.436 +08:00 [WRN] Failed to determine the https port for redirect.
2023-06-05 21:03:11.467 +08:00 [INF] Executing endpoint 'WebApi.Demo.Controllers.HealthCheckController.Get (WebApi.Demo)'
2023-06-05 21:03:11.481 +08:00 [INF] Route matched with {action = "Get", controller = "HealthCheck"}. Executing controller action with signature Microsoft.AspNetCore.Mvc.ActionResult`1[System.Linq.IQueryable`1[WebApi.Entity.Book]] Get() on controller WebApi.Demo.Controllers.HealthCheckController (WebApi.Demo).
2023-06-05 21:03:11.486 +08:00 [INF] Executing ObjectResult, writing value of type 'System.String'.
2023-06-05 21:03:11.494 +08:00 [INF] Executed action WebApi.Demo.Controllers.HealthCheckController.Get (WebApi.Demo) in 6.2679ms
2023-06-05 21:03:11.500 +08:00 [INF] Executed endpoint 'WebApi.Demo.Controllers.HealthCheckController.Get (WebApi.Demo)'
2023-06-05 21:03:11.504 +08:00 [INF] HTTP GET /api/Healthcheck responded 200 in 64.0389 ms
2023-06-05 21:03:11.507 +08:00 [INF] Request finished in 82.9375ms 200 text/plain; charset=utf-8
2023-06-05 21:03:21.513 +08:00 [INF] Request starting HTTP/1.1 GET http://192.168.31.151:5001/api/Healthcheck  
2023-06-05 21:03:21.517 +08:00 [INF] Executing endpoint 'WebApi.Demo.Controllers.HealthCheckController.Get (WebApi.Demo)'
2023-06-05 21:03:21.519 +08:00 [INF] Route matched with {action = "Get", controller = "HealthCheck"}. Executing controller action with signature Microsoft.AspNetCore.Mvc.ActionResult`1[System.Linq.IQueryable`1[WebApi.Entity.Book]] Get() on controller WebApi.Demo.Controllers.HealthCheckController (WebApi.Demo).
2023-06-05 21:03:21.525 +08:00 [INF] Executing ObjectResult, writing value of type 'System.String'.
2023-06-05 21:03:21.526 +08:00 [INF] Executed action WebApi.Demo.Controllers.HealthCheckController.Get (WebApi.Demo) in 1.857ms
2023-06-05 21:03:21.530 +08:00 [INF] Executed endpoint 'WebApi.Demo.Controllers.HealthCheckController.Get (WebApi.Demo)'
2023-06-05 21:03:21.531 +08:00 [INF] HTTP GET /api/Healthcheck responded 200 in 15.6565 ms
2023-06-05 21:03:21.534 +08:00 [INF] Request finished in 20.5664ms 200 text/plain; charset=utf-8
2023-06-05 21:03:31.540 +08:00 [INF] Request starting HTTP/1.1 GET http://192.168.31.151:5001/api/Healthcheck  
2023-06-05 21:03:31.544 +08:00 [INF] Executing endpoint 'WebApi.Demo.Controllers.HealthCheckController.Get (WebApi.Demo)'
2023-06-05 21:03:31.548 +08:00 [INF] Route matched with {action = "Get", controller = "HealthCheck"}. Executing controller action with signature Microsoft.AspNetCore.Mvc.ActionResult`1[System.Linq.IQueryable`1[WebApi.Entity.Book]] Get() on controller WebApi.Demo.Controllers.HealthCheckController (WebApi.Demo).
2023-06-05 21:03:31.551 +08:00 [INF] Executing ObjectResult, writing value of type 'System.String'.
2023-06-05 21:03:31.553 +08:00 [INF] Executed action WebApi.Demo.Controllers.HealthCheckController.Get (WebApi.Demo) in 2.0688ms
2023-06-05 21:03:31.556 +08:00 [INF] Executed endpoint 'WebApi.Demo.Controllers.HealthCheckController.Get (WebApi.Demo)'
2023-06-05 21:03:31.558 +08:00 [INF] HTTP GET /api/Healthcheck responded 200 in 14.4309 ms
2023-06-05 21:03:31.560 +08:00 [INF] Request finished in 19.9964ms 200 text/plain; charset=utf-8
2023-06-05 21:03:41.565 +08:00 [INF] Request starting HTTP/1.1 GET http://192.168.31.151:5001/api/Healthcheck  
2023-06-05 21:03:41.571 +08:00 [INF] Executing endpoint 'WebApi.Demo.Controllers.HealthCheckController.Get (WebApi.Demo)'
2023-06-05 21:03:41.574 +08:00 [INF] Route matched with {action = "Get", controller = "HealthCheck"}. Executing controller action with signature Microsoft.AspNetCore.Mvc.ActionResult`1[System.Linq.IQueryable`1[WebApi.Entity.Book]] Get() on controller WebApi.Demo.Controllers.HealthCheckController (WebApi.Demo).
2023-06-05 21:03:41.579 +08:00 [INF] Executing ObjectResult, writing value of type 'System.String'.
2023-06-05 21:03:41.582 +08:00 [INF] Executed action WebApi.Demo.Controllers.HealthCheckController.Get (WebApi.Demo) in 3.1833ms
2023-06-05 21:03:41.584 +08:00 [INF] Executed endpoint 'WebApi.Demo.Controllers.HealthCheckController.Get (WebApi.Demo)'
2023-06-05 21:03:41.586 +08:00 [INF] HTTP GET /api/Healthcheck responded 200 in 15.5151 ms
2023-06-05 21:03:41.589 +08:00 [INF] Request finished in 23.786ms 200 text/plain; charset=utf-8
2023-06-05 21:03:51.593 +08:00 [INF] Request starting HTTP/1.1 GET http://192.168.31.151:5001/api/Healthcheck  
2023-06-05 21:03:51.597 +08:00 [INF] Executing endpoint 'WebApi.Demo.Controllers.HealthCheckController.Get (WebApi.Demo)'
2023-06-05 21:03:51.599 +08:00 [INF] Route matched with {action = "Get", controller = "HealthCheck"}. Executing controller action with signature Microsoft.AspNetCore.Mvc.ActionResult`1[System.Linq.IQueryable`1[WebApi.Entity.Book]] Get() on controller WebApi.Demo.Controllers.HealthCheckController (WebApi.Demo).
2023-06-05 21:03:51.602 +08:00 [INF] Executing ObjectResult, writing value of type 'System.String'.
2023-06-05 21:03:51.605 +08:00 [INF] Executed action WebApi.Demo.Controllers.HealthCheckController.Get (WebApi.Demo) in 2.5628ms
2023-06-05 21:03:51.607 +08:00 [INF] Executed endpoint 'WebApi.Demo.Controllers.HealthCheckController.Get (WebApi.Demo)'
2023-06-05 21:03:51.609 +08:00 [INF] HTTP GET /api/Healthcheck responded 200 in 12.7086 ms
2023-06-05 21:03:51.612 +08:00 [INF] Request finished in 18.9876ms 200 text/plain; charset=utf-8
2023-06-05 21:04:01.618 +08:00 [INF] Request starting HTTP/1.1 GET http://192.168.31.151:5001/api/Healthcheck  
2023-06-05 21:04:01.621 +08:00 [INF] Executing endpoint 'WebApi.Demo.Controllers.HealthCheckController.Get (WebApi.Demo)'
2023-06-05 21:04:01.623 +08:00 [INF] Route matched with {action = "Get", controller = "HealthCheck"}. Executing controller action with signature Microsoft.AspNetCore.Mvc.ActionResult`1[System.Linq.IQueryable`1[WebApi.Entity.Book]] Get() on controller WebApi.Demo.Controllers.HealthCheckController (WebApi.Demo).
2023-06-05 21:04:01.626 +08:00 [INF] Executing ObjectResult, writing value of type 'System.String'.
2023-06-05 21:04:01.627 +08:00 [INF] Executed action WebApi.Demo.Controllers.HealthCheckController.Get (WebApi.Demo) in 1.8822ms
2023-06-05 21:04:01.630 +08:00 [INF] Executed endpoint 'WebApi.Demo.Controllers.HealthCheckController.Get (WebApi.Demo)'
2023-06-05 21:04:01.631 +08:00 [INF] HTTP GET /api/Healthcheck responded 200 in 10.1168 ms
2023-06-05 21:04:01.633 +08:00 [INF] Request finished in 15.0632ms 200 text/plain; charset=utf-8
2023-06-05 21:04:11.640 +08:00 [INF] Request starting HTTP/1.1 GET http://192.168.31.151:5001/api/Healthcheck  
2023-06-05 21:04:11.644 +08:00 [INF] Executing endpoint 'WebApi.Demo.Controllers.HealthCheckController.Get (WebApi.Demo)'
2023-06-05 21:04:11.647 +08:00 [INF] Route matched with {action = "Get", controller = "HealthCheck"}. Executing controller action with signature Microsoft.AspNetCore.Mvc.ActionResult`1[System.Linq.IQueryable`1[WebApi.Entity.Book]] Get() on controller WebApi.Demo.Controllers.HealthCheckController (WebApi.Demo).
2023-06-05 21:04:11.652 +08:00 [INF] Executing ObjectResult, writing value of type 'System.String'.
2023-06-05 21:04:11.654 +08:00 [INF] Executed action WebApi.Demo.Controllers.HealthCheckController.Get (WebApi.Demo) in 2.1518ms
2023-06-05 21:04:11.656 +08:00 [INF] Executed endpoint 'WebApi.Demo.Controllers.HealthCheckController.Get (WebApi.Demo)'
2023-06-05 21:04:11.658 +08:00 [INF] HTTP GET /api/Healthcheck responded 200 in 13.9614 ms
2023-06-05 21:04:11.661 +08:00 [INF] Request finished in 21.0917ms 200 text/plain; charset=utf-8
2023-06-05 21:04:21.666 +08:00 [INF] Request starting HTTP/1.1 GET http://192.168.31.151:5001/api/Healthcheck  
2023-06-05 21:04:21.668 +08:00 [INF] Executing endpoint 'WebApi.Demo.Controllers.HealthCheckController.Get (WebApi.Demo)'
2023-06-05 21:04:21.670 +08:00 [INF] Route matched with {action = "Get", controller = "HealthCheck"}. Executing controller action with signature Microsoft.AspNetCore.Mvc.ActionResult`1[System.Linq.IQueryable`1[WebApi.Entity.Book]] Get() on controller WebApi.Demo.Controllers.HealthCheckController (WebApi.Demo).
2023-06-05 21:04:21.673 +08:00 [INF] Executing ObjectResult, writing value of type 'System.String'.
2023-06-05 21:04:21.675 +08:00 [INF] Executed action WebApi.Demo.Controllers.HealthCheckController.Get (WebApi.Demo) in 2.103ms
2023-06-05 21:04:21.678 +08:00 [INF] Executed endpoint 'WebApi.Demo.Controllers.HealthCheckController.Get (WebApi.Demo)'
2023-06-05 21:04:21.680 +08:00 [INF] HTTP GET /api/Healthcheck responded 200 in 11.6264 ms
2023-06-05 21:04:21.682 +08:00 [INF] Request finished in 15.6875ms 200 text/plain; charset=utf-8
2023-06-05 21:04:31.688 +08:00 [INF] Request starting HTTP/1.1 GET http://192.168.31.151:5001/api/Healthcheck  
2023-06-05 21:04:31.691 +08:00 [INF] Executing endpoint 'WebApi.Demo.Controllers.HealthCheckController.Get (WebApi.Demo)'
2023-06-05 21:04:31.695 +08:00 [INF] Route matched with {action = "Get", controller = "HealthCheck"}. Executing controller action with signature Microsoft.AspNetCore.Mvc.ActionResult`1[System.Linq.IQueryable`1[WebApi.Entity.Book]] Get() on controller WebApi.Demo.Controllers.HealthCheckController (WebApi.Demo).
2023-06-05 21:04:31.698 +08:00 [INF] Executing ObjectResult, writing value of type 'System.String'.
2023-06-05 21:04:31.701 +08:00 [INF] Executed action WebApi.Demo.Controllers.HealthCheckController.Get (WebApi.Demo) in 2.6432ms
2023-06-05 21:04:31.703 +08:00 [INF] Executed endpoint 'WebApi.Demo.Controllers.HealthCheckController.Get (WebApi.Demo)'
2023-06-05 21:04:31.704 +08:00 [INF] HTTP GET /api/Healthcheck responded 200 in 13.4421 ms
2023-06-05 21:04:31.706 +08:00 [INF] Request finished in 18.0758ms 200 text/plain; charset=utf-8
2023-06-05 21:04:41.713 +08:00 [INF] Request starting HTTP/1.1 GET http://192.168.31.151:5001/api/Healthcheck  
2023-06-05 21:04:41.716 +08:00 [INF] Executing endpoint 'WebApi.Demo.Controllers.HealthCheckController.Get (WebApi.Demo)'
2023-06-05 21:04:41.718 +08:00 [INF] Route matched with {action = "Get", controller = "HealthCheck"}. Executing controller action with signature Microsoft.AspNetCore.Mvc.ActionResult`1[System.Linq.IQueryable`1[WebApi.Entity.Book]] Get() on controller WebApi.Demo.Controllers.HealthCheckController (WebApi.Demo).
2023-06-05 21:04:41.720 +08:00 [INF] Executing ObjectResult, writing value of type 'System.String'.
2023-06-05 21:04:41.722 +08:00 [INF] Executed action WebApi.Demo.Controllers.HealthCheckController.Get (WebApi.Demo) in 1.8554ms
2023-06-05 21:04:41.725 +08:00 [INF] Executed endpoint 'WebApi.Demo.Controllers.HealthCheckController.Get (WebApi.Demo)'
2023-06-05 21:04:41.727 +08:00 [INF] HTTP GET /api/Healthcheck responded 200 in 11.3778 ms
2023-06-05 21:04:41.729 +08:00 [INF] Request finished in 16.104ms 200 text/plain; charset=utf-8
2023-06-05 21:04:51.736 +08:00 [INF] Request starting HTTP/1.1 GET http://192.168.31.151:5001/api/Healthcheck  
2023-06-05 21:04:51.740 +08:00 [INF] Executing endpoint 'WebApi.Demo.Controllers.HealthCheckController.Get (WebApi.Demo)'
2023-06-05 21:04:51.743 +08:00 [INF] Route matched with {action = "Get", controller = "HealthCheck"}. Executing controller action with signature Microsoft.AspNetCore.Mvc.ActionResult`1[System.Linq.IQueryable`1[WebApi.Entity.Book]] Get() on controller WebApi.Demo.Controllers.HealthCheckController (WebApi.Demo).
2023-06-05 21:04:51.746 +08:00 [INF] Executing ObjectResult, writing value of type 'System.String'.
2023-06-05 21:04:51.748 +08:00 [INF] Executed action WebApi.Demo.Controllers.HealthCheckController.Get (WebApi.Demo) in 1.8487ms
2023-06-05 21:04:51.751 +08:00 [INF] Executed endpoint 'WebApi.Demo.Controllers.HealthCheckController.Get (WebApi.Demo)'
2023-06-05 21:04:51.754 +08:00 [INF] HTTP GET /api/Healthcheck responded 200 in 13.7966 ms
2023-06-05 21:04:51.756 +08:00 [INF] Request finished in 20.5524ms 200 text/plain; charset=utf-8
2023-06-05 21:05:01.763 +08:00 [INF] Request starting HTTP/1.1 GET http://192.168.31.151:5001/api/Healthcheck  
2023-06-05 21:05:01.767 +08:00 [INF] Executing endpoint 'WebApi.Demo.Controllers.HealthCheckController.Get (WebApi.Demo)'
2023-06-05 21:05:01.770 +08:00 [INF] Route matched with {action = "Get", controller = "HealthCheck"}. Executing controller action with signature Microsoft.AspNetCore.Mvc.ActionResult`1[System.Linq.IQueryable`1[WebApi.Entity.Book]] Get() on controller WebApi.Demo.Controllers.HealthCheckController (WebApi.Demo).
2023-06-05 21:05:01.773 +08:00 [INF] Executing ObjectResult, writing value of type 'System.String'.
2023-06-05 21:05:01.774 +08:00 [INF] Executed action WebApi.Demo.Controllers.HealthCheckController.Get (WebApi.Demo) in 1.7858ms
2023-06-05 21:05:01.777 +08:00 [INF] Executed endpoint 'WebApi.Demo.Controllers.HealthCheckController.Get (WebApi.Demo)'
2023-06-05 21:05:01.779 +08:00 [INF] HTTP GET /api/Healthcheck responded 200 in 11.8843 ms
2023-06-05 21:05:01.783 +08:00 [INF] Request finished in 20.1387ms 200 text/plain; charset=utf-8
2023-06-05 21:05:11.789 +08:00 [INF] Request starting HTTP/1.1 GET http://192.168.31.151:5001/api/Healthcheck  
2023-06-05 21:05:11.793 +08:00 [INF] Executing endpoint 'WebApi.Demo.Controllers.HealthCheckController.Get (WebApi.Demo)'
2023-06-05 21:05:11.795 +08:00 [INF] Route matched with {action = "Get", controller = "HealthCheck"}. Executing controller action with signature Microsoft.AspNetCore.Mvc.ActionResult`1[System.Linq.IQueryable`1[WebApi.Entity.Book]] Get() on controller WebApi.Demo.Controllers.HealthCheckController (WebApi.Demo).
2023-06-05 21:05:11.797 +08:00 [INF] Executing ObjectResult, writing value of type 'System.String'.
2023-06-05 21:05:11.799 +08:00 [INF] Executed action WebApi.Demo.Controllers.HealthCheckController.Get (WebApi.Demo) in 2.0719ms
2023-06-05 21:05:11.802 +08:00 [INF] Executed endpoint 'WebApi.Demo.Controllers.HealthCheckController.Get (WebApi.Demo)'
2023-06-05 21:05:11.804 +08:00 [INF] HTTP GET /api/Healthcheck responded 200 in 11.3316 ms
2023-06-05 21:05:11.806 +08:00 [INF] Request finished in 17.4091ms 200 text/plain; charset=utf-8
2023-06-05 21:05:21.812 +08:00 [INF] Request starting HTTP/1.1 GET http://192.168.31.151:5001/api/Healthcheck  
2023-06-05 21:05:21.815 +08:00 [INF] Executing endpoint 'WebApi.Demo.Controllers.HealthCheckController.Get (WebApi.Demo)'
2023-06-05 21:05:21.817 +08:00 [INF] Route matched with {action = "Get", controller = "HealthCheck"}. Executing controller action with signature Microsoft.AspNetCore.Mvc.ActionResult`1[System.Linq.IQueryable`1[WebApi.Entity.Book]] Get() on controller WebApi.Demo.Controllers.HealthCheckController (WebApi.Demo).
2023-06-05 21:05:21.820 +08:00 [INF] Executing ObjectResult, writing value of type 'System.String'.
2023-06-05 21:05:21.822 +08:00 [INF] Executed action WebApi.Demo.Controllers.HealthCheckController.Get (WebApi.Demo) in 1.9907ms
2023-06-05 21:05:21.825 +08:00 [INF] Executed endpoint 'WebApi.Demo.Controllers.HealthCheckController.Get (WebApi.Demo)'
2023-06-05 21:05:21.827 +08:00 [INF] HTTP GET /api/Healthcheck responded 200 in 11.8094 ms
2023-06-05 21:05:21.829 +08:00 [INF] Request finished in 17.1669ms 200 text/plain; charset=utf-8
2023-06-05 21:05:31.836 +08:00 [INF] Request starting HTTP/1.1 GET http://192.168.31.151:5001/api/Healthcheck  
2023-06-05 21:05:31.838 +08:00 [INF] Executing endpoint 'WebApi.Demo.Controllers.HealthCheckController.Get (WebApi.Demo)'
2023-06-05 21:05:31.841 +08:00 [INF] Route matched with {action = "Get", controller = "HealthCheck"}. Executing controller action with signature Microsoft.AspNetCore.Mvc.ActionResult`1[System.Linq.IQueryable`1[WebApi.Entity.Book]] Get() on controller WebApi.Demo.Controllers.HealthCheckController (WebApi.Demo).
2023-06-05 21:05:31.844 +08:00 [INF] Executing ObjectResult, writing value of type 'System.String'.
2023-06-05 21:05:31.847 +08:00 [INF] Executed action WebApi.Demo.Controllers.HealthCheckController.Get (WebApi.Demo) in 2.9487ms
2023-06-05 21:05:31.849 +08:00 [INF] Executed endpoint 'WebApi.Demo.Controllers.HealthCheckController.Get (WebApi.Demo)'
2023-06-05 21:05:31.851 +08:00 [INF] HTTP GET /api/Healthcheck responded 200 in 12.927 ms
2023-06-05 21:05:31.853 +08:00 [INF] Request finished in 17.4792ms 200 text/plain; charset=utf-8
2023-06-05 21:05:41.859 +08:00 [INF] Request starting HTTP/1.1 GET http://192.168.31.151:5001/api/Healthcheck  
2023-06-05 21:05:41.862 +08:00 [INF] Executing endpoint 'WebApi.Demo.Controllers.HealthCheckController.Get (WebApi.Demo)'
2023-06-05 21:05:41.864 +08:00 [INF] Route matched with {action = "Get", controller = "HealthCheck"}. Executing controller action with signature Microsoft.AspNetCore.Mvc.ActionResult`1[System.Linq.IQueryable`1[WebApi.Entity.Book]] Get() on controller WebApi.Demo.Controllers.HealthCheckController (WebApi.Demo).
2023-06-05 21:05:41.867 +08:00 [INF] Executing ObjectResult, writing value of type 'System.String'.
2023-06-05 21:05:41.869 +08:00 [INF] Executed action WebApi.Demo.Controllers.HealthCheckController.Get (WebApi.Demo) in 2.1576ms
2023-06-05 21:05:41.873 +08:00 [INF] Executed endpoint 'WebApi.Demo.Controllers.HealthCheckController.Get (WebApi.Demo)'
2023-06-05 21:05:41.875 +08:00 [INF] HTTP GET /api/Healthcheck responded 200 in 13.5581 ms
2023-06-05 21:05:41.879 +08:00 [INF] Request finished in 20.1561ms 200 text/plain; charset=utf-8
2023-06-05 21:05:51.884 +08:00 [INF] Request starting HTTP/1.1 GET http://192.168.31.151:5001/api/Healthcheck  
2023-06-05 21:05:51.886 +08:00 [INF] Executing endpoint 'WebApi.Demo.Controllers.HealthCheckController.Get (WebApi.Demo)'
2023-06-05 21:05:51.888 +08:00 [INF] Route matched with {action = "Get", controller = "HealthCheck"}. Executing controller action with signature Microsoft.AspNetCore.Mvc.ActionResult`1[System.Linq.IQueryable`1[WebApi.Entity.Book]] Get() on controller WebApi.Demo.Controllers.HealthCheckController (WebApi.Demo).
2023-06-05 21:05:51.891 +08:00 [INF] Executing ObjectResult, writing value of type 'System.String'.
2023-06-05 21:05:51.893 +08:00 [INF] Executed action WebApi.Demo.Controllers.HealthCheckController.Get (WebApi.Demo) in 2.1564ms
2023-06-05 21:05:51.895 +08:00 [INF] Executed endpoint 'WebApi.Demo.Controllers.HealthCheckController.Get (WebApi.Demo)'
2023-06-05 21:05:51.897 +08:00 [INF] HTTP GET /api/Healthcheck responded 200 in 10.5905 ms
2023-06-05 21:05:51.899 +08:00 [INF] Request finished in 14.8309ms 200 text/plain; charset=utf-8
2023-06-05 21:06:01.905 +08:00 [INF] Request starting HTTP/1.1 GET http://192.168.31.151:5001/api/Healthcheck  
2023-06-05 21:06:01.908 +08:00 [INF] Executing endpoint 'WebApi.Demo.Controllers.HealthCheckController.Get (WebApi.Demo)'
2023-06-05 21:06:01.910 +08:00 [INF] Route matched with {action = "Get", controller = "HealthCheck"}. Executing controller action with signature Microsoft.AspNetCore.Mvc.ActionResult`1[System.Linq.IQueryable`1[WebApi.Entity.Book]] Get() on controller WebApi.Demo.Controllers.HealthCheckController (WebApi.Demo).
2023-06-05 21:06:01.913 +08:00 [INF] Executing ObjectResult, writing value of type 'System.String'.
2023-06-05 21:06:01.914 +08:00 [INF] Executed action WebApi.Demo.Controllers.HealthCheckController.Get (WebApi.Demo) in 1.7838ms
2023-06-05 21:06:01.918 +08:00 [INF] Executed endpoint 'WebApi.Demo.Controllers.HealthCheckController.Get (WebApi.Demo)'
2023-06-05 21:06:01.919 +08:00 [INF] HTTP GET /api/Healthcheck responded 200 in 11.4286 ms
2023-06-05 21:06:01.921 +08:00 [INF] Request finished in 16.652ms 200 text/plain; charset=utf-8
2023-06-05 21:06:11.927 +08:00 [INF] Request starting HTTP/1.1 GET http://192.168.31.151:5001/api/Healthcheck  
2023-06-05 21:06:11.929 +08:00 [INF] Executing endpoint 'WebApi.Demo.Controllers.HealthCheckController.Get (WebApi.Demo)'
2023-06-05 21:06:11.931 +08:00 [INF] Route matched with {action = "Get", controller = "HealthCheck"}. Executing controller action with signature Microsoft.AspNetCore.Mvc.ActionResult`1[System.Linq.IQueryable`1[WebApi.Entity.Book]] Get() on controller WebApi.Demo.Controllers.HealthCheckController (WebApi.Demo).
2023-06-05 21:06:11.933 +08:00 [INF] Executing ObjectResult, writing value of type 'System.String'.
2023-06-05 21:06:11.935 +08:00 [INF] Executed action WebApi.Demo.Controllers.HealthCheckController.Get (WebApi.Demo) in 1.7637ms
2023-06-05 21:06:11.937 +08:00 [INF] Executed endpoint 'WebApi.Demo.Controllers.HealthCheckController.Get (WebApi.Demo)'
2023-06-05 21:06:11.941 +08:00 [INF] HTTP GET /api/Healthcheck responded 200 in 12.0913 ms
2023-06-05 21:06:11.944 +08:00 [INF] Request finished in 17.0678ms 200 text/plain; charset=utf-8
2023-06-05 21:06:21.949 +08:00 [INF] Request starting HTTP/1.1 GET http://192.168.31.151:5001/api/Healthcheck  
2023-06-05 21:06:21.952 +08:00 [INF] Executing endpoint 'WebApi.Demo.Controllers.HealthCheckController.Get (WebApi.Demo)'
2023-06-05 21:06:21.956 +08:00 [INF] Route matched with {action = "Get", controller = "HealthCheck"}. Executing controller action with signature Microsoft.AspNetCore.Mvc.ActionResult`1[System.Linq.IQueryable`1[WebApi.Entity.Book]] Get() on controller WebApi.Demo.Controllers.HealthCheckController (WebApi.Demo).
2023-06-05 21:06:21.959 +08:00 [INF] Executing ObjectResult, writing value of type 'System.String'.
2023-06-05 21:06:21.961 +08:00 [INF] Executed action WebApi.Demo.Controllers.HealthCheckController.Get (WebApi.Demo) in 1.8594ms
2023-06-05 21:06:21.965 +08:00 [INF] Executed endpoint 'WebApi.Demo.Controllers.HealthCheckController.Get (WebApi.Demo)'
2023-06-05 21:06:21.967 +08:00 [INF] HTTP GET /api/Healthcheck responded 200 in 14.7816 ms
2023-06-05 21:06:21.969 +08:00 [INF] Request finished in 19.8309ms 200 text/plain; charset=utf-8
2023-06-05 21:06:31.976 +08:00 [INF] Request starting HTTP/1.1 GET http://192.168.31.151:5001/api/Healthcheck  
2023-06-05 21:06:31.979 +08:00 [INF] Executing endpoint 'WebApi.Demo.Controllers.HealthCheckController.Get (WebApi.Demo)'
2023-06-05 21:06:31.984 +08:00 [INF] Route matched with {action = "Get", controller = "HealthCheck"}. Executing controller action with signature Microsoft.AspNetCore.Mvc.ActionResult`1[System.Linq.IQueryable`1[WebApi.Entity.Book]] Get() on controller WebApi.Demo.Controllers.HealthCheckController (WebApi.Demo).
2023-06-05 21:06:31.986 +08:00 [INF] Executing ObjectResult, writing value of type 'System.String'.
2023-06-05 21:06:31.988 +08:00 [INF] Executed action WebApi.Demo.Controllers.HealthCheckController.Get (WebApi.Demo) in 1.7227ms
2023-06-05 21:06:31.991 +08:00 [INF] Executed endpoint 'WebApi.Demo.Controllers.HealthCheckController.Get (WebApi.Demo)'
2023-06-05 21:06:31.994 +08:00 [INF] HTTP GET /api/Healthcheck responded 200 in 15.175 ms
2023-06-05 21:06:31.999 +08:00 [INF] Request finished in 23.0712ms 200 text/plain; charset=utf-8
2023-06-05 21:06:42.005 +08:00 [INF] Request starting HTTP/1.1 GET http://192.168.31.151:5001/api/Healthcheck  
2023-06-05 21:06:42.007 +08:00 [INF] Executing endpoint 'WebApi.Demo.Controllers.HealthCheckController.Get (WebApi.Demo)'
2023-06-05 21:06:42.008 +08:00 [INF] Route matched with {action = "Get", controller = "HealthCheck"}. Executing controller action with signature Microsoft.AspNetCore.Mvc.ActionResult`1[System.Linq.IQueryable`1[WebApi.Entity.Book]] Get() on controller WebApi.Demo.Controllers.HealthCheckController (WebApi.Demo).
2023-06-05 21:06:42.011 +08:00 [INF] Executing ObjectResult, writing value of type 'System.String'.
2023-06-05 21:06:42.012 +08:00 [INF] Executed action WebApi.Demo.Controllers.HealthCheckController.Get (WebApi.Demo) in 1.7756ms
2023-06-05 21:06:42.015 +08:00 [INF] Executed endpoint 'WebApi.Demo.Controllers.HealthCheckController.Get (WebApi.Demo)'
2023-06-05 21:06:42.019 +08:00 [INF] HTTP GET /api/Healthcheck responded 200 in 12.0553 ms
2023-06-05 21:06:42.021 +08:00 [INF] Request finished in 16.6266ms 200 text/plain; charset=utf-8
2023-06-05 21:06:52.026 +08:00 [INF] Request starting HTTP/1.1 GET http://192.168.31.151:5001/api/Healthcheck  
2023-06-05 21:06:52.028 +08:00 [INF] Executing endpoint 'WebApi.Demo.Controllers.HealthCheckController.Get (WebApi.Demo)'
2023-06-05 21:06:52.030 +08:00 [INF] Route matched with {action = "Get", controller = "HealthCheck"}. Executing controller action with signature Microsoft.AspNetCore.Mvc.ActionResult`1[System.Linq.IQueryable`1[WebApi.Entity.Book]] Get() on controller WebApi.Demo.Controllers.HealthCheckController (WebApi.Demo).
2023-06-05 21:06:52.033 +08:00 [INF] Executing ObjectResult, writing value of type 'System.String'.
2023-06-05 21:06:52.036 +08:00 [INF] Executed action WebApi.Demo.Controllers.HealthCheckController.Get (WebApi.Demo) in 3.152ms
2023-06-05 21:06:52.038 +08:00 [INF] Executed endpoint 'WebApi.Demo.Controllers.HealthCheckController.Get (WebApi.Demo)'
2023-06-05 21:06:52.039 +08:00 [INF] HTTP GET /api/Healthcheck responded 200 in 11.3273 ms
2023-06-05 21:06:52.044 +08:00 [INF] Request finished in 17.7538ms 200 text/plain; charset=utf-8
2023-06-05 21:07:02.050 +08:00 [INF] Request starting HTTP/1.1 GET http://192.168.31.151:5001/api/Healthcheck  
2023-06-05 21:07:02.053 +08:00 [INF] Executing endpoint 'WebApi.Demo.Controllers.HealthCheckController.Get (WebApi.Demo)'
2023-06-05 21:07:02.054 +08:00 [INF] Route matched with {action = "Get", controller = "HealthCheck"}. Executing controller action with signature Microsoft.AspNetCore.Mvc.ActionResult`1[System.Linq.IQueryable`1[WebApi.Entity.Book]] Get() on controller WebApi.Demo.Controllers.HealthCheckController (WebApi.Demo).
2023-06-05 21:07:02.057 +08:00 [INF] Executing ObjectResult, writing value of type 'System.String'.
2023-06-05 21:07:02.058 +08:00 [INF] Executed action WebApi.Demo.Controllers.HealthCheckController.Get (WebApi.Demo) in 1.6766ms
2023-06-05 21:07:02.060 +08:00 [INF] Executed endpoint 'WebApi.Demo.Controllers.HealthCheckController.Get (WebApi.Demo)'
2023-06-05 21:07:02.062 +08:00 [INF] HTTP GET /api/Healthcheck responded 200 in 9.5731 ms
2023-06-05 21:07:02.065 +08:00 [INF] Request finished in 14.7294ms 200 text/plain; charset=utf-8
2023-06-05 21:07:12.070 +08:00 [INF] Request starting HTTP/1.1 GET http://192.168.31.151:5001/api/Healthcheck  
2023-06-05 21:07:12.073 +08:00 [INF] Executing endpoint 'WebApi.Demo.Controllers.HealthCheckController.Get (WebApi.Demo)'
2023-06-05 21:07:12.075 +08:00 [INF] Route matched with {action = "Get", controller = "HealthCheck"}. Executing controller action with signature Microsoft.AspNetCore.Mvc.ActionResult`1[System.Linq.IQueryable`1[WebApi.Entity.Book]] Get() on controller WebApi.Demo.Controllers.HealthCheckController (WebApi.Demo).
2023-06-05 21:07:12.079 +08:00 [INF] Executing ObjectResult, writing value of type 'System.String'.
2023-06-05 21:07:12.080 +08:00 [INF] Executed action WebApi.Demo.Controllers.HealthCheckController.Get (WebApi.Demo) in 1.9292ms
2023-06-05 21:07:12.083 +08:00 [INF] Executed endpoint 'WebApi.Demo.Controllers.HealthCheckController.Get (WebApi.Demo)'
2023-06-05 21:07:12.084 +08:00 [INF] HTTP GET /api/Healthcheck responded 200 in 11.2682 ms
2023-06-05 21:07:12.087 +08:00 [INF] Request finished in 16.3615ms 200 text/plain; charset=utf-8
2023-06-05 21:07:22.092 +08:00 [INF] Request starting HTTP/1.1 GET http://192.168.31.151:5001/api/Healthcheck  
2023-06-05 21:07:22.094 +08:00 [INF] Executing endpoint 'WebApi.Demo.Controllers.HealthCheckController.Get (WebApi.Demo)'
2023-06-05 21:07:22.096 +08:00 [INF] Route matched with {action = "Get", controller = "HealthCheck"}. Executing controller action with signature Microsoft.AspNetCore.Mvc.ActionResult`1[System.Linq.IQueryable`1[WebApi.Entity.Book]] Get() on controller WebApi.Demo.Controllers.HealthCheckController (WebApi.Demo).
2023-06-05 21:07:22.099 +08:00 [INF] Executing ObjectResult, writing value of type 'System.String'.
2023-06-05 21:07:22.100 +08:00 [INF] Executed action WebApi.Demo.Controllers.HealthCheckController.Get (WebApi.Demo) in 1.6776ms
2023-06-05 21:07:22.103 +08:00 [INF] Executed endpoint 'WebApi.Demo.Controllers.HealthCheckController.Get (WebApi.Demo)'
2023-06-05 21:07:22.105 +08:00 [INF] HTTP GET /api/Healthcheck responded 200 in 10.2311 ms
2023-06-05 21:07:22.107 +08:00 [INF] Request finished in 15.131ms 200 text/plain; charset=utf-8
2023-06-05 21:07:32.112 +08:00 [INF] Request starting HTTP/1.1 GET http://192.168.31.151:5001/api/Healthcheck  
2023-06-05 21:07:32.114 +08:00 [INF] Executing endpoint 'WebApi.Demo.Controllers.HealthCheckController.Get (WebApi.Demo)'
2023-06-05 21:07:32.116 +08:00 [INF] Route matched with {action = "Get", controller = "HealthCheck"}. Executing controller action with signature Microsoft.AspNetCore.Mvc.ActionResult`1[System.Linq.IQueryable`1[WebApi.Entity.Book]] Get() on controller WebApi.Demo.Controllers.HealthCheckController (WebApi.Demo).
2023-06-05 21:07:32.119 +08:00 [INF] Executing ObjectResult, writing value of type 'System.String'.
2023-06-05 21:07:32.120 +08:00 [INF] Executed action WebApi.Demo.Controllers.HealthCheckController.Get (WebApi.Demo) in 1.9341ms
2023-06-05 21:07:32.123 +08:00 [INF] Executed endpoint 'WebApi.Demo.Controllers.HealthCheckController.Get (WebApi.Demo)'
2023-06-05 21:07:32.124 +08:00 [INF] HTTP GET /api/Healthcheck responded 200 in 9.9114 ms
2023-06-05 21:07:32.126 +08:00 [INF] Request finished in 13.9014ms 200 text/plain; charset=utf-8
2023-06-05 21:07:42.133 +08:00 [INF] Request starting HTTP/1.1 GET http://192.168.31.151:5001/api/Healthcheck  
2023-06-05 21:07:42.136 +08:00 [INF] Executing endpoint 'WebApi.Demo.Controllers.HealthCheckController.Get (WebApi.Demo)'
2023-06-05 21:07:42.137 +08:00 [INF] Route matched with {action = "Get", controller = "HealthCheck"}. Executing controller action with signature Microsoft.AspNetCore.Mvc.ActionResult`1[System.Linq.IQueryable`1[WebApi.Entity.Book]] Get() on controller WebApi.Demo.Controllers.HealthCheckController (WebApi.Demo).
2023-06-05 21:07:42.141 +08:00 [INF] Executing ObjectResult, writing value of type 'System.String'.
2023-06-05 21:07:42.143 +08:00 [INF] Executed action WebApi.Demo.Controllers.HealthCheckController.Get (WebApi.Demo) in 1.7996ms
2023-06-05 21:07:42.145 +08:00 [INF] Executed endpoint 'WebApi.Demo.Controllers.HealthCheckController.Get (WebApi.Demo)'
2023-06-05 21:07:42.148 +08:00 [INF] HTTP GET /api/Healthcheck responded 200 in 12.5196 ms
2023-06-05 21:07:42.151 +08:00 [INF] Request finished in 18.5441ms 200 text/plain; charset=utf-8
2023-06-05 21:07:52.156 +08:00 [INF] Request starting HTTP/1.1 GET http://192.168.31.151:5001/api/Healthcheck  
2023-06-05 21:07:52.159 +08:00 [INF] Executing endpoint 'WebApi.Demo.Controllers.HealthCheckController.Get (WebApi.Demo)'
2023-06-05 21:07:52.160 +08:00 [INF] Route matched with {action = "Get", controller = "HealthCheck"}. Executing controller action with signature Microsoft.AspNetCore.Mvc.ActionResult`1[System.Linq.IQueryable`1[WebApi.Entity.Book]] Get() on controller WebApi.Demo.Controllers.HealthCheckController (WebApi.Demo).
2023-06-05 21:07:52.165 +08:00 [INF] Executing ObjectResult, writing value of type 'System.String'.
2023-06-05 21:07:52.167 +08:00 [INF] Executed action WebApi.Demo.Controllers.HealthCheckController.Get (WebApi.Demo) in 2.666ms
2023-06-05 21:07:52.170 +08:00 [INF] Executed endpoint 'WebApi.Demo.Controllers.HealthCheckController.Get (WebApi.Demo)'
2023-06-05 21:07:52.171 +08:00 [INF] HTTP GET /api/Healthcheck responded 200 in 12.7528 ms
2023-06-05 21:07:52.173 +08:00 [INF] Request finished in 17.199ms 200 text/plain; charset=utf-8
2023-06-05 21:08:02.179 +08:00 [INF] Request starting HTTP/1.1 GET http://192.168.31.151:5001/api/Healthcheck  
2023-06-05 21:08:02.182 +08:00 [INF] Executing endpoint 'WebApi.Demo.Controllers.HealthCheckController.Get (WebApi.Demo)'
2023-06-05 21:08:02.184 +08:00 [INF] Route matched with {action = "Get", controller = "HealthCheck"}. Executing controller action with signature Microsoft.AspNetCore.Mvc.ActionResult`1[System.Linq.IQueryable`1[WebApi.Entity.Book]] Get() on controller WebApi.Demo.Controllers.HealthCheckController (WebApi.Demo).
2023-06-05 21:08:02.187 +08:00 [INF] Executing ObjectResult, writing value of type 'System.String'.
2023-06-05 21:08:02.189 +08:00 [INF] Executed action WebApi.Demo.Controllers.HealthCheckController.Get (WebApi.Demo) in 2.4535ms
2023-06-05 21:08:02.192 +08:00 [INF] Executed endpoint 'WebApi.Demo.Controllers.HealthCheckController.Get (WebApi.Demo)'
2023-06-05 21:08:02.194 +08:00 [INF] HTTP GET /api/Healthcheck responded 200 in 11.9864 ms
2023-06-05 21:08:02.196 +08:00 [INF] Request finished in 16.8384ms 200 text/plain; charset=utf-8
2023-06-05 21:08:12.202 +08:00 [INF] Request starting HTTP/1.1 GET http://192.168.31.151:5001/api/Healthcheck  
2023-06-05 21:08:12.205 +08:00 [INF] Executing endpoint 'WebApi.Demo.Controllers.HealthCheckController.Get (WebApi.Demo)'
2023-06-05 21:08:12.206 +08:00 [INF] Route matched with {action = "Get", controller = "HealthCheck"}. Executing controller action with signature Microsoft.AspNetCore.Mvc.ActionResult`1[System.Linq.IQueryable`1[WebApi.Entity.Book]] Get() on controller WebApi.Demo.Controllers.HealthCheckController (WebApi.Demo).
2023-06-05 21:08:12.209 +08:00 [INF] Executing ObjectResult, writing value of type 'System.String'.
2023-06-05 21:08:12.210 +08:00 [INF] Executed action WebApi.Demo.Controllers.HealthCheckController.Get (WebApi.Demo) in 1.5866ms
2023-06-05 21:08:12.214 +08:00 [INF] Executed endpoint 'WebApi.Demo.Controllers.HealthCheckController.Get (WebApi.Demo)'
2023-06-05 21:08:12.216 +08:00 [INF] HTTP GET /api/Healthcheck responded 200 in 11.2264 ms
2023-06-05 21:08:12.218 +08:00 [INF] Request finished in 16.0422ms 200 text/plain; charset=utf-8
2023-06-05 21:08:22.224 +08:00 [INF] Request starting HTTP/1.1 GET http://192.168.31.151:5001/api/Healthcheck  
2023-06-05 21:08:22.227 +08:00 [INF] Executing endpoint 'WebApi.Demo.Controllers.HealthCheckController.Get (WebApi.Demo)'
2023-06-05 21:08:22.229 +08:00 [INF] Route matched with {action = "Get", controller = "HealthCheck"}. Executing controller action with signature Microsoft.AspNetCore.Mvc.ActionResult`1[System.Linq.IQueryable`1[WebApi.Entity.Book]] Get() on controller WebApi.Demo.Controllers.HealthCheckController (WebApi.Demo).
2023-06-05 21:08:22.232 +08:00 [INF] Executing ObjectResult, writing value of type 'System.String'.
2023-06-05 21:08:22.234 +08:00 [INF] Executed action WebApi.Demo.Controllers.HealthCheckController.Get (WebApi.Demo) in 1.8624ms
2023-06-05 21:08:22.236 +08:00 [INF] Executed endpoint 'WebApi.Demo.Controllers.HealthCheckController.Get (WebApi.Demo)'
2023-06-05 21:08:22.237 +08:00 [INF] HTTP GET /api/Healthcheck responded 200 in 10.7282 ms
2023-06-05 21:08:22.240 +08:00 [INF] Request finished in 15.9774ms 200 text/plain; charset=utf-8
2023-06-05 21:08:32.246 +08:00 [INF] Request starting HTTP/1.1 GET http://192.168.31.151:5001/api/Healthcheck  
2023-06-05 21:08:32.249 +08:00 [INF] Executing endpoint 'WebApi.Demo.Controllers.HealthCheckController.Get (WebApi.Demo)'
2023-06-05 21:08:32.251 +08:00 [INF] Route matched with {action = "Get", controller = "HealthCheck"}. Executing controller action with signature Microsoft.AspNetCore.Mvc.ActionResult`1[System.Linq.IQueryable`1[WebApi.Entity.Book]] Get() on controller WebApi.Demo.Controllers.HealthCheckController (WebApi.Demo).
2023-06-05 21:08:32.254 +08:00 [INF] Executing ObjectResult, writing value of type 'System.String'.
2023-06-05 21:08:32.256 +08:00 [INF] Executed action WebApi.Demo.Controllers.HealthCheckController.Get (WebApi.Demo) in 1.7734ms
2023-06-05 21:08:32.260 +08:00 [INF] Executed endpoint 'WebApi.Demo.Controllers.HealthCheckController.Get (WebApi.Demo)'
2023-06-05 21:08:32.261 +08:00 [INF] HTTP GET /api/Healthcheck responded 200 in 11.9137 ms
2023-06-05 21:08:32.263 +08:00 [INF] Request finished in 17.2064ms 200 text/plain; charset=utf-8
2023-06-05 21:08:42.269 +08:00 [INF] Request starting HTTP/1.1 GET http://192.168.31.151:5001/api/Healthcheck  
2023-06-05 21:08:42.271 +08:00 [INF] Executing endpoint 'WebApi.Demo.Controllers.HealthCheckController.Get (WebApi.Demo)'
2023-06-05 21:08:42.273 +08:00 [INF] Route matched with {action = "Get", controller = "HealthCheck"}. Executing controller action with signature Microsoft.AspNetCore.Mvc.ActionResult`1[System.Linq.IQueryable`1[WebApi.Entity.Book]] Get() on controller WebApi.Demo.Controllers.HealthCheckController (WebApi.Demo).
2023-06-05 21:08:42.276 +08:00 [INF] Executing ObjectResult, writing value of type 'System.String'.
2023-06-05 21:08:42.278 +08:00 [INF] Executed action WebApi.Demo.Controllers.HealthCheckController.Get (WebApi.Demo) in 1.9481ms
2023-06-05 21:08:42.281 +08:00 [INF] Executed endpoint 'WebApi.Demo.Controllers.HealthCheckController.Get (WebApi.Demo)'
2023-06-05 21:08:42.282 +08:00 [INF] HTTP GET /api/Healthcheck responded 200 in 11.6118 ms
2023-06-05 21:08:42.284 +08:00 [INF] Request finished in 15.8578ms 200 text/plain; charset=utf-8
2023-06-05 21:08:52.290 +08:00 [INF] Request starting HTTP/1.1 GET http://192.168.31.151:5001/api/Healthcheck  
2023-06-05 21:08:52.293 +08:00 [INF] Executing endpoint 'WebApi.Demo.Controllers.HealthCheckController.Get (WebApi.Demo)'
2023-06-05 21:08:52.295 +08:00 [INF] Route matched with {action = "Get", controller = "HealthCheck"}. Executing controller action with signature Microsoft.AspNetCore.Mvc.ActionResult`1[System.Linq.IQueryable`1[WebApi.Entity.Book]] Get() on controller WebApi.Demo.Controllers.HealthCheckController (WebApi.Demo).
2023-06-05 21:08:52.297 +08:00 [INF] Executing ObjectResult, writing value of type 'System.String'.
2023-06-05 21:08:52.299 +08:00 [INF] Executed action WebApi.Demo.Controllers.HealthCheckController.Get (WebApi.Demo) in 1.6809ms
2023-06-05 21:08:52.301 +08:00 [INF] Executed endpoint 'WebApi.Demo.Controllers.HealthCheckController.Get (WebApi.Demo)'
2023-06-05 21:08:52.303 +08:00 [INF] HTTP GET /api/Healthcheck responded 200 in 9.3096 ms
2023-06-05 21:08:52.305 +08:00 [INF] Request finished in 15.0289ms 200 text/plain; charset=utf-8
2023-06-05 21:09:02.311 +08:00 [INF] Request starting HTTP/1.1 GET http://192.168.31.151:5001/api/Healthcheck  
2023-06-05 21:09:02.314 +08:00 [INF] Executing endpoint 'WebApi.Demo.Controllers.HealthCheckController.Get (WebApi.Demo)'
2023-06-05 21:09:02.315 +08:00 [INF] Route matched with {action = "Get", controller = "HealthCheck"}. Executing controller action with signature Microsoft.AspNetCore.Mvc.ActionResult`1[System.Linq.IQueryable`1[WebApi.Entity.Book]] Get() on controller WebApi.Demo.Controllers.HealthCheckController (WebApi.Demo).
2023-06-05 21:09:02.318 +08:00 [INF] Executing ObjectResult, writing value of type 'System.String'.
2023-06-05 21:09:02.320 +08:00 [INF] Executed action WebApi.Demo.Controllers.HealthCheckController.Get (WebApi.Demo) in 1.9449ms
2023-06-05 21:09:02.323 +08:00 [INF] Executed endpoint 'WebApi.Demo.Controllers.HealthCheckController.Get (WebApi.Demo)'
2023-06-05 21:09:02.325 +08:00 [INF] HTTP GET /api/Healthcheck responded 200 in 11.0817 ms
2023-06-05 21:09:02.326 +08:00 [INF] Request finished in 15.4826ms 200 text/plain; charset=utf-8
2023-06-05 21:09:12.332 +08:00 [INF] Request starting HTTP/1.1 GET http://192.168.31.151:5001/api/Healthcheck  
2023-06-05 21:09:12.334 +08:00 [INF] Executing endpoint 'WebApi.Demo.Controllers.HealthCheckController.Get (WebApi.Demo)'
2023-06-05 21:09:12.336 +08:00 [INF] Route matched with {action = "Get", controller = "HealthCheck"}. Executing controller action with signature Microsoft.AspNetCore.Mvc.ActionResult`1[System.Linq.IQueryable`1[WebApi.Entity.Book]] Get() on controller WebApi.Demo.Controllers.HealthCheckController (WebApi.Demo).
2023-06-05 21:09:12.338 +08:00 [INF] Executing ObjectResult, writing value of type 'System.String'.
2023-06-05 21:09:12.340 +08:00 [INF] Executed action WebApi.Demo.Controllers.HealthCheckController.Get (WebApi.Demo) in 1.5677ms
2023-06-05 21:09:12.344 +08:00 [INF] Executed endpoint 'WebApi.Demo.Controllers.HealthCheckController.Get (WebApi.Demo)'
2023-06-05 21:09:12.345 +08:00 [INF] HTTP GET /api/Healthcheck responded 200 in 10.9924 ms
2023-06-05 21:09:12.347 +08:00 [INF] Request finished in 15.2454ms 200 text/plain; charset=utf-8
2023-06-05 21:09:22.353 +08:00 [INF] Request starting HTTP/1.1 GET http://192.168.31.151:5001/api/Healthcheck  
2023-06-05 21:09:22.356 +08:00 [INF] Executing endpoint 'WebApi.Demo.Controllers.HealthCheckController.Get (WebApi.Demo)'
2023-06-05 21:09:22.359 +08:00 [INF] Route matched with {action = "Get", controller = "HealthCheck"}. Executing controller action with signature Microsoft.AspNetCore.Mvc.ActionResult`1[System.Linq.IQueryable`1[WebApi.Entity.Book]] Get() on controller WebApi.Demo.Controllers.HealthCheckController (WebApi.Demo).
2023-06-05 21:09:22.361 +08:00 [INF] Executing ObjectResult, writing value of type 'System.String'.
2023-06-05 21:09:22.363 +08:00 [INF] Executed action WebApi.Demo.Controllers.HealthCheckController.Get (WebApi.Demo) in 1.6575ms
2023-06-05 21:09:22.366 +08:00 [INF] Executed endpoint 'WebApi.Demo.Controllers.HealthCheckController.Get (WebApi.Demo)'
2023-06-05 21:09:22.367 +08:00 [INF] HTTP GET /api/Healthcheck responded 200 in 11.1269 ms
2023-06-05 21:09:22.370 +08:00 [INF] Request finished in 17.7824ms 200 text/plain; charset=utf-8
2023-06-05 21:09:32.384 +08:00 [INF] Request starting HTTP/1.1 GET http://192.168.31.151:5001/api/Healthcheck  
2023-06-05 21:09:32.387 +08:00 [INF] Executing endpoint 'WebApi.Demo.Controllers.HealthCheckController.Get (WebApi.Demo)'
2023-06-05 21:09:32.389 +08:00 [INF] Route matched with {action = "Get", controller = "HealthCheck"}. Executing controller action with signature Microsoft.AspNetCore.Mvc.ActionResult`1[System.Linq.IQueryable`1[WebApi.Entity.Book]] Get() on controller WebApi.Demo.Controllers.HealthCheckController (WebApi.Demo).
2023-06-05 21:09:32.392 +08:00 [INF] Executing ObjectResult, writing value of type 'System.String'.
2023-06-05 21:09:32.394 +08:00 [INF] Executed action WebApi.Demo.Controllers.HealthCheckController.Get (WebApi.Demo) in 1.6898ms
2023-06-05 21:09:32.396 +08:00 [INF] Executed endpoint 'WebApi.Demo.Controllers.HealthCheckController.Get (WebApi.Demo)'
2023-06-05 21:09:32.397 +08:00 [INF] HTTP GET /api/Healthcheck responded 200 in 10.5077 ms
2023-06-05 21:09:32.399 +08:00 [INF] Request finished in 15.2051ms 200 text/plain; charset=utf-8
2023-06-05 21:09:42.405 +08:00 [INF] Request starting HTTP/1.1 GET http://192.168.31.151:5001/api/Healthcheck  
2023-06-05 21:09:42.407 +08:00 [INF] Executing endpoint 'WebApi.Demo.Controllers.HealthCheckController.Get (WebApi.Demo)'
2023-06-05 21:09:42.409 +08:00 [INF] Route matched with {action = "Get", controller = "HealthCheck"}. Executing controller action with signature Microsoft.AspNetCore.Mvc.ActionResult`1[System.Linq.IQueryable`1[WebApi.Entity.Book]] Get() on controller WebApi.Demo.Controllers.HealthCheckController (WebApi.Demo).
2023-06-05 21:09:42.412 +08:00 [INF] Executing ObjectResult, writing value of type 'System.String'.
2023-06-05 21:09:42.413 +08:00 [INF] Executed action WebApi.Demo.Controllers.HealthCheckController.Get (WebApi.Demo) in 1.6198ms
2023-06-05 21:09:42.416 +08:00 [INF] Executed endpoint 'WebApi.Demo.Controllers.HealthCheckController.Get (WebApi.Demo)'
2023-06-05 21:09:42.417 +08:00 [INF] HTTP GET /api/Healthcheck responded 200 in 9.737 ms
2023-06-05 21:09:42.420 +08:00 [INF] Request finished in 15.2936ms 200 text/plain; charset=utf-8
2023-06-05 21:09:52.427 +08:00 [INF] Request starting HTTP/1.1 GET http://192.168.31.151:5001/api/Healthcheck  
2023-06-05 21:09:52.429 +08:00 [INF] Executing endpoint 'WebApi.Demo.Controllers.HealthCheckController.Get (WebApi.Demo)'
2023-06-05 21:09:52.432 +08:00 [INF] Route matched with {action = "Get", controller = "HealthCheck"}. Executing controller action with signature Microsoft.AspNetCore.Mvc.ActionResult`1[System.Linq.IQueryable`1[WebApi.Entity.Book]] Get() on controller WebApi.Demo.Controllers.HealthCheckController (WebApi.Demo).
2023-06-05 21:09:52.434 +08:00 [INF] Executing ObjectResult, writing value of type 'System.String'.
2023-06-05 21:09:52.436 +08:00 [INF] Executed action WebApi.Demo.Controllers.HealthCheckController.Get (WebApi.Demo) in 1.521ms
2023-06-05 21:09:52.438 +08:00 [INF] Executed endpoint 'WebApi.Demo.Controllers.HealthCheckController.Get (WebApi.Demo)'
2023-06-05 21:09:52.440 +08:00 [INF] HTTP GET /api/Healthcheck responded 200 in 10.5408 ms
2023-06-05 21:09:52.442 +08:00 [INF] Request finished in 15.0121ms 200 text/plain; charset=utf-8
2023-06-05 21:10:02.448 +08:00 [INF] Request starting HTTP/1.1 GET http://192.168.31.151:5001/api/Healthcheck  
2023-06-05 21:10:02.450 +08:00 [INF] Executing endpoint 'WebApi.Demo.Controllers.HealthCheckController.Get (WebApi.Demo)'
2023-06-05 21:10:02.452 +08:00 [INF] Route matched with {action = "Get", controller = "HealthCheck"}. Executing controller action with signature Microsoft.AspNetCore.Mvc.ActionResult`1[System.Linq.IQueryable`1[WebApi.Entity.Book]] Get() on controller WebApi.Demo.Controllers.HealthCheckController (WebApi.Demo).
2023-06-05 21:10:02.454 +08:00 [INF] Executing ObjectResult, writing value of type 'System.String'.
2023-06-05 21:10:02.456 +08:00 [INF] Executed action WebApi.Demo.Controllers.HealthCheckController.Get (WebApi.Demo) in 1.6796ms
2023-06-05 21:10:02.459 +08:00 [INF] Executed endpoint 'WebApi.Demo.Controllers.HealthCheckController.Get (WebApi.Demo)'
2023-06-05 21:10:02.460 +08:00 [INF] HTTP GET /api/Healthcheck responded 200 in 10.0533 ms
2023-06-05 21:10:02.463 +08:00 [INF] Request finished in 15.4566ms 200 text/plain; charset=utf-8
2023-06-05 21:10:12.469 +08:00 [INF] Request starting HTTP/1.1 GET http://192.168.31.151:5001/api/Healthcheck  
2023-06-05 21:10:12.471 +08:00 [INF] Executing endpoint 'WebApi.Demo.Controllers.HealthCheckController.Get (WebApi.Demo)'
2023-06-05 21:10:12.472 +08:00 [INF] Route matched with {action = "Get", controller = "HealthCheck"}. Executing controller action with signature Microsoft.AspNetCore.Mvc.ActionResult`1[System.Linq.IQueryable`1[WebApi.Entity.Book]] Get() on controller WebApi.Demo.Controllers.HealthCheckController (WebApi.Demo).
2023-06-05 21:10:12.476 +08:00 [INF] Executing ObjectResult, writing value of type 'System.String'.
2023-06-05 21:10:12.478 +08:00 [INF] Executed action WebApi.Demo.Controllers.HealthCheckController.Get (WebApi.Demo) in 1.5985ms
2023-06-05 21:10:12.480 +08:00 [INF] Executed endpoint 'WebApi.Demo.Controllers.HealthCheckController.Get (WebApi.Demo)'
2023-06-05 21:10:12.482 +08:00 [INF] HTTP GET /api/Healthcheck responded 200 in 11.579 ms
2023-06-05 21:10:12.484 +08:00 [INF] Request finished in 15.4262ms 200 text/plain; charset=utf-8
2023-06-05 21:10:22.488 +08:00 [INF] Request starting HTTP/1.1 GET http://192.168.31.151:5001/api/Healthcheck  
2023-06-05 21:10:22.490 +08:00 [INF] Executing endpoint 'WebApi.Demo.Controllers.HealthCheckController.Get (WebApi.Demo)'
2023-06-05 21:10:22.492 +08:00 [INF] Route matched with {action = "Get", controller = "HealthCheck"}. Executing controller action with signature Microsoft.AspNetCore.Mvc.ActionResult`1[System.Linq.IQueryable`1[WebApi.Entity.Book]] Get() on controller WebApi.Demo.Controllers.HealthCheckController (WebApi.Demo).
2023-06-05 21:10:22.494 +08:00 [INF] Executing ObjectResult, writing value of type 'System.String'.
2023-06-05 21:10:22.496 +08:00 [INF] Executed action WebApi.Demo.Controllers.HealthCheckController.Get (WebApi.Demo) in 1.6363ms
2023-06-05 21:10:22.498 +08:00 [INF] Executed endpoint 'WebApi.Demo.Controllers.HealthCheckController.Get (WebApi.Demo)'
2023-06-05 21:10:22.500 +08:00 [INF] HTTP GET /api/Healthcheck responded 200 in 9.8805 ms
2023-06-05 21:10:22.502 +08:00 [INF] Request finished in 13.6454ms 200 text/plain; charset=utf-8
2023-06-05 21:10:32.508 +08:00 [INF] Request starting HTTP/1.1 GET http://192.168.31.151:5001/api/Healthcheck  
2023-06-05 21:10:32.510 +08:00 [INF] Executing endpoint 'WebApi.Demo.Controllers.HealthCheckController.Get (WebApi.Demo)'
2023-06-05 21:10:32.512 +08:00 [INF] Route matched with {action = "Get", controller = "HealthCheck"}. Executing controller action with signature Microsoft.AspNetCore.Mvc.ActionResult`1[System.Linq.IQueryable`1[WebApi.Entity.Book]] Get() on controller WebApi.Demo.Controllers.HealthCheckController (WebApi.Demo).
2023-06-05 21:10:32.515 +08:00 [INF] Executing ObjectResult, writing value of type 'System.String'.
2023-06-05 21:10:32.516 +08:00 [INF] Executed action WebApi.Demo.Controllers.HealthCheckController.Get (WebApi.Demo) in 1.6745ms
2023-06-05 21:10:32.520 +08:00 [INF] Executed endpoint 'WebApi.Demo.Controllers.HealthCheckController.Get (WebApi.Demo)'
2023-06-05 21:10:32.522 +08:00 [INF] HTTP GET /api/Healthcheck responded 200 in 11.3315 ms
2023-06-05 21:10:32.524 +08:00 [INF] Request finished in 15.7278ms 200 text/plain; charset=utf-8
2023-06-05 21:10:47.651 +08:00 [INF] Application is shutting down...
