2023-05-19 23:25:59.160 +08:00 [INF] Now listening on: https://localhost:5001
2023-05-19 23:25:59.207 +08:00 [INF] Now listening on: http://localhost:5000
2023-05-19 23:25:59.207 +08:00 [INF] Application started. Press Ctrl+C to shut down.
2023-05-19 23:25:59.208 +08:00 [INF] Hosting environment: Development
2023-05-19 23:25:59.208 +08:00 [INF] Content root path: C:\Users\Admin\Desktop\WebApi.Demo\WebApi.Demo
2023-05-19 23:25:59.899 +08:00 [INF] Request starting HTTP/2 GET https://localhost:5001/index.html  
2023-05-19 23:26:00.121 +08:00 [INF] HTTP GET /index.html responded 200 in 161.3638 ms
2023-05-19 23:26:00.125 +08:00 [INF] Request starting HTTP/2 GET https://localhost:5001/_framework/aspnetcore-browser-refresh.js  
2023-05-19 23:26:00.127 +08:00 [INF] Request finished in 2.4552ms 200 application/javascript; charset=utf-8
2023-05-19 23:26:00.128 +08:00 [INF] Request finished in 232.9449ms 200 text/html;charset=utf-8
2023-05-19 23:26:00.207 +08:00 [INF] Request starting HTTP/2 GET https://localhost:5001/_vs/browserLink  
2023-05-19 23:26:00.222 +08:00 [INF] Request finished in 14.8567ms 200 text/javascript; charset=UTF-8
2023-05-19 23:26:00.374 +08:00 [INF] Request starting HTTP/2 GET https://localhost:5001/swagger/V1/swagger.json  
2023-05-19 23:26:00.463 +08:00 [INF] HTTP GET /swagger/V1/swagger.json responded 200 in 86.4636 ms
2023-05-19 23:26:00.464 +08:00 [INF] Request finished in 90.3582ms 200 application/json;charset=utf-8
2023-05-19 23:26:04.509 +08:00 [INF] Request starting HTTP/2 GET https://localhost:5001/api/Books  
2023-05-19 23:26:04.516 +08:00 [INF] Executing endpoint 'WebApi.Demo.Controllers.BooksController.GetAllBook (WebApi.Demo)'
2023-05-19 23:26:04.531 +08:00 [INF] Route matched with {action = "GetAllBook", controller = "Books"}. Executing controller action with signature Microsoft.AspNetCore.Mvc.ActionResult`1[System.Linq.IQueryable`1[WebApi.Dtos.BookInventory]] GetAllBook() on controller WebApi.Demo.Controllers.BooksController (WebApi.Demo).
2023-05-19 23:26:04.910 +08:00 [INF] Entity Framework Core 3.1.0 initialized 'BMSDbContext' using provider 'Microsoft.EntityFrameworkCore.SqlServer' with options: None
2023-05-19 23:26:05.293 +08:00 [INF] Executed DbCommand (24ms) [Parameters=[], CommandType='"Text"', CommandTimeout='30']
SELECT [t].[Id], [t].[Name], [t].[Author], [t].[ISBN], [t].[Publisher], [t0].[Amount]
FROM [TB_Book] AS [t]
INNER JOIN [TB_Inventory] AS [t0] ON [t].[Id] = [t0].[Bookid]
2023-05-19 23:26:05.318 +08:00 [INF] Executing ObjectResult, writing value of type 'System.Collections.Generic.List`1[[WebApi.Dtos.BookInventory, WebApi.Dtos, Version=1.0.0.0, Culture=neutral, PublicKeyToken=null]]'.
2023-05-19 23:26:05.326 +08:00 [INF] Executed action WebApi.Demo.Controllers.BooksController.GetAllBook (WebApi.Demo) in 790.7674ms
2023-05-19 23:26:05.327 +08:00 [INF] Executed endpoint 'WebApi.Demo.Controllers.BooksController.GetAllBook (WebApi.Demo)'
2023-05-19 23:26:05.327 +08:00 [INF] HTTP GET /api/Books responded 200 in 816.9909 ms
2023-05-19 23:26:05.330 +08:00 [INF] Request finished in 821.1075ms 200 application/json; charset=utf-8
2023-05-19 23:26:23.274 +08:00 [INF] Application is shutting down...
2023-05-19 23:27:27.525 +08:00 [INF] Now listening on: https://localhost:5001
2023-05-19 23:27:27.574 +08:00 [INF] Now listening on: http://localhost:5000
2023-05-19 23:27:27.574 +08:00 [INF] Application started. Press Ctrl+C to shut down.
2023-05-19 23:27:27.574 +08:00 [INF] Hosting environment: Development
2023-05-19 23:27:27.575 +08:00 [INF] Content root path: C:\Users\Admin\Desktop\WebApi.Demo\WebApi.Demo
2023-05-19 23:27:28.230 +08:00 [INF] Request starting HTTP/2 GET https://localhost:5001/index.html  
2023-05-19 23:27:28.395 +08:00 [INF] HTTP GET /index.html responded 200 in 134.0746 ms
2023-05-19 23:27:28.402 +08:00 [INF] Request finished in 175.0176ms 200 text/html;charset=utf-8
2023-05-19 23:27:28.412 +08:00 [INF] Request starting HTTP/2 GET https://localhost:5001/_framework/aspnetcore-browser-refresh.js  
2023-05-19 23:27:28.414 +08:00 [INF] Request finished in 1.8465ms 200 application/javascript; charset=utf-8
2023-05-19 23:27:28.478 +08:00 [INF] Request starting HTTP/2 GET https://localhost:5001/_vs/browserLink  
2023-05-19 23:27:28.500 +08:00 [INF] Request finished in 21.9021ms 200 text/javascript; charset=UTF-8
2023-05-19 23:27:28.654 +08:00 [INF] Request starting HTTP/2 GET https://localhost:5001/swagger/V1/swagger.json  
2023-05-19 23:27:28.745 +08:00 [INF] HTTP GET /swagger/V1/swagger.json responded 200 in 90.2052 ms
2023-05-19 23:27:28.746 +08:00 [INF] Request finished in 92.1568ms 200 application/json;charset=utf-8
2023-05-19 23:40:12.461 +08:00 [INF] Now listening on: https://localhost:5001
2023-05-19 23:40:12.503 +08:00 [INF] Now listening on: http://localhost:5000
2023-05-19 23:40:12.503 +08:00 [INF] Application started. Press Ctrl+C to shut down.
2023-05-19 23:40:12.504 +08:00 [INF] Hosting environment: Development
2023-05-19 23:40:12.504 +08:00 [INF] Content root path: C:\Users\Admin\Desktop\WebApi.Demo\WebApi.Demo
2023-05-19 23:40:13.316 +08:00 [INF] Request starting HTTP/2 GET https://localhost:5001/index.html  
2023-05-19 23:40:13.465 +08:00 [INF] HTTP GET /index.html responded 200 in 120.2182 ms
2023-05-19 23:40:13.474 +08:00 [INF] Request finished in 162.7526ms 200 text/html;charset=utf-8
2023-05-19 23:40:13.494 +08:00 [INF] Request starting HTTP/2 GET https://localhost:5001/_framework/aspnetcore-browser-refresh.js  
2023-05-19 23:40:13.496 +08:00 [INF] Request finished in 1.8599ms 200 application/javascript; charset=utf-8
2023-05-19 23:40:13.559 +08:00 [INF] Request starting HTTP/2 GET https://localhost:5001/_vs/browserLink  
2023-05-19 23:40:13.578 +08:00 [INF] Request finished in 18.3434ms 200 text/javascript; charset=UTF-8
2023-05-19 23:40:13.727 +08:00 [INF] Request starting HTTP/2 GET https://localhost:5001/swagger/V1/swagger.json  
2023-05-19 23:40:13.807 +08:00 [INF] HTTP GET /swagger/V1/swagger.json responded 200 in 77.8661 ms
2023-05-19 23:40:13.808 +08:00 [INF] Request finished in 80.4683ms 200 application/json;charset=utf-8
2023-05-19 23:40:27.209 +08:00 [INF] Application is shutting down...
2023-05-19 23:42:36.308 +08:00 [INF] Now listening on: https://localhost:5001
2023-05-19 23:42:36.349 +08:00 [INF] Now listening on: http://localhost:5000
2023-05-19 23:42:36.350 +08:00 [INF] Application started. Press Ctrl+C to shut down.
2023-05-19 23:42:36.350 +08:00 [INF] Hosting environment: Development
2023-05-19 23:42:36.350 +08:00 [INF] Content root path: C:\Users\Admin\Desktop\WebApi.Demo\WebApi.Demo
2023-05-19 23:42:37.125 +08:00 [INF] Request starting HTTP/2 GET https://localhost:5001/index.html  
2023-05-19 23:42:37.292 +08:00 [INF] HTTP GET /index.html responded 200 in 130.1392 ms
2023-05-19 23:42:37.299 +08:00 [INF] Request finished in 177.0799ms 200 text/html;charset=utf-8
2023-05-19 23:42:37.312 +08:00 [INF] Request starting HTTP/2 GET https://localhost:5001/_framework/aspnetcore-browser-refresh.js  
2023-05-19 23:42:37.314 +08:00 [INF] Request finished in 2.1414ms 200 application/javascript; charset=utf-8
2023-05-19 23:42:37.383 +08:00 [INF] Request starting HTTP/2 GET https://localhost:5001/_vs/browserLink  
2023-05-19 23:42:37.399 +08:00 [INF] Request finished in 16.1998ms 200 text/javascript; charset=UTF-8
2023-05-19 23:42:37.543 +08:00 [INF] Request starting HTTP/2 GET https://localhost:5001/swagger/V1/swagger.json  
2023-05-19 23:42:37.634 +08:00 [INF] HTTP GET /swagger/V1/swagger.json responded 200 in 90.3537 ms
2023-05-19 23:42:37.635 +08:00 [INF] Request finished in 91.9188ms 200 application/json;charset=utf-8
2023-05-19 23:43:01.181 +08:00 [INF] Application is shutting down...
2023-05-19 23:43:09.891 +08:00 [INF] Now listening on: https://localhost:5001
2023-05-19 23:43:09.944 +08:00 [INF] Now listening on: http://localhost:5000
2023-05-19 23:43:09.946 +08:00 [INF] Application started. Press Ctrl+C to shut down.
2023-05-19 23:43:09.947 +08:00 [INF] Hosting environment: Development
2023-05-19 23:43:09.948 +08:00 [INF] Content root path: C:\Users\Admin\Desktop\WebApi.Demo\WebApi.Demo
2023-05-19 23:43:11.065 +08:00 [INF] Request starting HTTP/2 GET https://localhost:5001/index.html  
2023-05-19 23:43:11.406 +08:00 [INF] HTTP GET /index.html responded 200 in 192.8651 ms
2023-05-19 23:43:11.414 +08:00 [INF] Request finished in 360.1013ms 200 text/html;charset=utf-8
2023-05-19 23:43:11.433 +08:00 [INF] Request starting HTTP/2 GET https://localhost:5001/_framework/aspnetcore-browser-refresh.js  
2023-05-19 23:43:11.440 +08:00 [INF] Request finished in 6.8157ms 200 application/javascript; charset=utf-8
2023-05-19 23:43:11.530 +08:00 [INF] Request starting HTTP/2 GET https://localhost:5001/_vs/browserLink  
2023-05-19 23:43:11.553 +08:00 [INF] Request finished in 23.0842ms 200 text/javascript; charset=UTF-8
2023-05-19 23:43:11.891 +08:00 [INF] Request starting HTTP/2 GET https://localhost:5001/swagger/V1/swagger.json  
2023-05-19 23:43:11.980 +08:00 [INF] HTTP GET /swagger/V1/swagger.json responded 200 in 86.3055 ms
2023-05-19 23:43:11.982 +08:00 [INF] Request finished in 91.7211ms 200 application/json;charset=utf-8
2023-05-19 23:43:16.152 +08:00 [INF] Application is shutting down...
2023-05-19 23:44:44.058 +08:00 [INF] Now listening on: https://localhost:5001
2023-05-19 23:44:44.123 +08:00 [INF] Now listening on: http://localhost:5000
2023-05-19 23:44:44.125 +08:00 [INF] Application started. Press Ctrl+C to shut down.
2023-05-19 23:44:44.126 +08:00 [INF] Hosting environment: Development
2023-05-19 23:44:44.128 +08:00 [INF] Content root path: C:\Users\Admin\Desktop\WebApi.Demo\WebApi.Demo
2023-05-19 23:44:45.314 +08:00 [INF] Request starting HTTP/2 GET https://localhost:5001/index.html  
2023-05-19 23:44:45.709 +08:00 [INF] HTTP GET /index.html responded 200 in 249.2121 ms
2023-05-19 23:44:45.717 +08:00 [INF] Request finished in 410.6582ms 200 text/html;charset=utf-8
2023-05-19 23:44:45.734 +08:00 [INF] Request starting HTTP/2 GET https://localhost:5001/_framework/aspnetcore-browser-refresh.js  
2023-05-19 23:44:45.738 +08:00 [INF] Request finished in 3.5196ms 200 application/javascript; charset=utf-8
2023-05-19 23:44:45.822 +08:00 [INF] Request starting HTTP/2 GET https://localhost:5001/_vs/browserLink  
2023-05-19 23:44:45.841 +08:00 [INF] Request finished in 18.592ms 200 text/javascript; charset=UTF-8
2023-05-19 23:44:46.255 +08:00 [INF] Request starting HTTP/2 GET https://localhost:5001/swagger/V1/swagger.json  
2023-05-19 23:44:46.343 +08:00 [INF] HTTP GET /swagger/V1/swagger.json responded 200 in 83.9731 ms
2023-05-19 23:44:46.347 +08:00 [INF] Request finished in 92.2169ms 200 application/json;charset=utf-8
